<?xml version="1.0" encoding="UTF-8"?>
<!-- Generated by org.testng.reporters.JUnitXMLReporter -->
<testsuite ignored="0" hostname="DESKTOP-HM6FEBP" failures="0" tests="3" name="Default test" time="8.213" errors="0" timestamp="2024-12-27T14:07:47 AST">
  <testcase classname="files.DynamicJson" name="addBook" time="6.122"/>
  <testcase classname="files.DynamicJson" name="addBook" time="0.98"/>
  <testcase classname="files.DynamicJson" name="addBook" time="0.993"/>
</testsuite> <!-- Default test -->
