<?xml version="1.0" encoding="UTF-8"?>
<testng-results ignored="0" total="3" passed="3" failed="0" skipped="0">
  <reporter-output>
  </reporter-output>
  <suite started-at="2024-12-27T14:07:39 AST" name="Default suite" finished-at="2024-12-27T14:07:47 AST" duration-ms="8213">
    <groups>
    </groups>
    <test started-at="2024-12-27T14:07:39 AST" name="Default test" finished-at="2024-12-27T14:07:47 AST" duration-ms="8213">
      <class name="files.DynamicJson">
        <test-method signature="addBook(java.lang.String,java.lang.String)[pri:0, instance:files.DynamicJson@3f6f6701]" started-at="2024-12-27T14:07:39 AST" name="addBook" data-provider="BooksData" finished-at="2024-12-27T14:07:45 AST" duration-ms="6122" status="PASS">
          <params>
            <param index="0">
              <value>
                <![CDATA[oesdf]]>
              </value>
            </param>
            <param index="1">
              <value>
                <![CDATA[2134]]>
              </value>
            </param>
          </params>
          <reporter-output>
          </reporter-output>
        </test-method> <!-- addBook -->
        <test-method signature="addBook(java.lang.String,java.lang.String)[pri:0, instance:files.DynamicJson@3f6f6701]" started-at="2024-12-27T14:07:45 AST" name="addBook" data-provider="BooksData" finished-at="2024-12-27T14:07:46 AST" duration-ms="980" status="PASS">
          <params>
            <param index="0">
              <value>
                <![CDATA[dgfhr]]>
              </value>
            </param>
            <param index="1">
              <value>
                <![CDATA[6758]]>
              </value>
            </param>
          </params>
          <reporter-output>
          </reporter-output>
        </test-method> <!-- addBook -->
        <test-method signature="addBook(java.lang.String,java.lang.String)[pri:0, instance:files.DynamicJson@3f6f6701]" started-at="2024-12-27T14:07:46 AST" name="addBook" data-provider="BooksData" finished-at="2024-12-27T14:07:47 AST" duration-ms="993" status="PASS">
          <params>
            <param index="0">
              <value>
                <![CDATA[tyrud]]>
              </value>
            </param>
            <param index="1">
              <value>
                <![CDATA[6898]]>
              </value>
            </param>
          </params>
          <reporter-output>
          </reporter-output>
        </test-method> <!-- addBook -->
      </class> <!-- files.DynamicJson -->
    </test> <!-- Default test -->
  </suite> <!-- Default suite -->
</testng-results>
